<?xml version="1.0" encoding="UTF-8" ?>
<testsuites errors="1"
            failures="1"
            tests="1">

  <testsuite name="testQuickView"
    errors="1" failures="1" hostname="" id="" package="testQuickView" skipped="0"
    tests="1" time="15.29" timestamp="">
  
    <testcase name="QuickView Test" classname="testQuickView" time="15.29" assertions="1">  <failure message="Testing if element &lt;/html/body/div[7]/div/div/div/div/div[2]/div[1]/h1/a&gt; contains text: &#34;Mattress Daisy PU Foam Queen Bed (78*60*4) in Maroon Colour by HomeTown&#34;. Element could not be located in 1000 ms. - expected [0;32m&#34;Mattress Daisy PU Foam Queen Bed (78*60*4) in Maroon Colour by HomeTown&#34;[0m but got: [0;31m&#34;null&#34;[0m">    at Object.QuickView Test (/Users/Lalit/Downloads/test12/tests/testQuickView.js:18:21)
    at process._tickCallback (internal/process/next_tick.js:68:7)</failure>
<system-out>[[ATTACHMENT|/Users/Lalit/Downloads/test12/tests_output/screenshots/testQuickView/QuickView-Test_FAILED_Oct-16-2019-123808-GMT+0530-(India-Standard.png]]</system-out>
    <failure message="    at Object.QuickView Test (/Users/Lalit/Downloads/test12/tests/testQuickView.js:18:21)">    at process._tickCallback (internal/process/next_tick.js:68:7)</failure>
    </testcase>
  

  

  
  </testsuite>
</testsuites>
